<?xml version="1.0" encoding="UTF-8"?>
<!-- Generated by org.testng.reporters.JUnitReportReporter -->
<testsuite skipped="0" hostname="DESKTOP-2FLMCLR" name="variousConcepts.HomeWork" tests="1" failures="0" timestamp="2022-05-14T10:32:26 CDT" time="9.839" errors="0">
  <testcase name="loginTest" time="9.839" classname="variousConcepts.HomeWork"/>
  <system-out/>
</testsuite> <!-- variousConcepts.HomeWork -->
