<?xml version="1.0" encoding="UTF-8"?>
<!-- Generated by org.testng.reporters.JUnitReportReporter -->
<testsuite skipped="0" hostname="DESKTOP-2FLMCLR" name="variousConcepts.CRMTest" tests="1" failures="0" timestamp="2022-05-09T21:02:31 CDT" time="11.172" errors="0">
  <testcase name="loginTest" time="11.172" classname="variousConcepts.CRMTest"/>
  <system-out/>
</testsuite> <!-- variousConcepts.CRMTest -->
